<?xml version="1.0" encoding="UTF-8"?>
<!-- Generated by org.testng.reporters.JUnitReportReporter -->
<testsuite hostname="COK-A-00273" failures="0" tests="6" name="runner.TestRunner" time="14.730" errors="0" timestamp="2021-09-07T10:42:03 IST" skipped="0">
  <testcase classname="runner.TestRunner" name="runScenario" time="7.296"/>
  <system-out/>
  <testcase classname="runner.TestRunner" name="runScenario" time="0.028"/>
  <system-out/>
  <testcase classname="runner.TestRunner" name="runScenario" time="0.232"/>
  <system-out/>
  <testcase classname="runner.TestRunner" name="runScenario" time="0.232"/>
  <system-out/>
  <testcase classname="runner.TestRunner" name="runScenario" time="0.232"/>
  <system-out/>
  <testcase classname="runner.TestRunner" name="runScenario" time="6.710"/>
  <system-out/>
</testsuite> <!-- runner.TestRunner -->
